<?xml version="1.0" encoding="UTF-8"?>
<!-- Generated by org.testng.reporters.JUnitReportReporter -->
<testsuite hostname="DESKTOP-76VPD3C" failures="0" tests="1" name="Newone.Task1" time="38.863" errors="0" timestamp="14 Aug 2023 09:30:25 GMT" skipped="0">
  <testcase classname="Newone.Task1" name="Scrollbar" time="38.863"/>
</testsuite> <!-- Newone.Task1 -->
