<?xml version="1.0" encoding="UTF-8"?>
<!-- Generated by org.testng.reporters.JUnitReportReporter -->
<testsuite hostname="DESKTOP-76VPD3C" failures="0" tests="1" name="Newone.Demosite" time="307.037" errors="0" timestamp="11 Aug 2023 04:04:23 GMT" skipped="0">
  <testcase classname="Newone.Demosite" name="main" time="307.037"/>
</testsuite> <!-- Newone.Demosite -->
