<?xml version="1.0" encoding="UTF-8"?>
<!-- Generated by org.testng.reporters.JUnitReportReporter -->
<testsuite hostname="DESKTOP-76VPD3C" failures="0" tests="3" name="excel.Fb" time="344.552" errors="0" timestamp="15 Aug 2023 13:32:49 GMT" skipped="0">
  <testcase classname="excel.Fb" name="login" time="46.255"/>
  <testcase classname="excel.Fb" name="login" time="108.503"/>
  <testcase classname="excel.Fb" name="login" time="189.794"/>
</testsuite> <!-- excel.Fb -->
