<?xml version="1.0" encoding="UTF-8"?>
<!-- Generated by org.testng.reporters.JUnitReportReporter -->
<testsuite hostname="DESKTOP-76VPD3C" failures="0" tests="1" name="Newone.windowhandle" time="73.452" errors="0" timestamp="30 Jul 2023 12:01:31 GMT" skipped="0">
  <testcase classname="Newone.windowhandle" name="main" time="73.452"/>
</testsuite> <!-- Newone.windowhandle -->
