<?xml version="1.0" encoding="UTF-8"?>
<!-- Generated by org.testng.reporters.JUnitReportReporter -->
<testsuite hostname="DESKTOP-76VPD3C" failures="0" tests="1" name="Newone.UserBank" time="50.782" errors="0" timestamp="30 Jul 2023 11:51:34 GMT" skipped="0">
  <testcase classname="Newone.UserBank" name="main" time="50.782"/>
</testsuite> <!-- Newone.UserBank -->
