<?xml version="1.0" encoding="UTF-8"?>
<!-- Generated by org.testng.reporters.JUnitReportReporter -->
<testsuite hostname="DESKTOP-76VPD3C" failures="0" tests="1" name="Newone.example" time="0.041" errors="0" timestamp="30 Jul 2023 07:25:34 GMT" skipped="0">
  <testcase classname="Newone.example" name="get" time="0.041"/>
</testsuite> <!-- Newone.example -->
