<?xml version="1.0" encoding="UTF-8"?>
<!-- Generated by org.testng.reporters.JUnitReportReporter -->
<testsuite hostname="DESKTOP-76VPD3C" failures="0" tests="1" name="Newone.Dragdrop" time="47.586" errors="0" timestamp="31 Jul 2023 08:40:58 GMT" skipped="0">
  <testcase classname="Newone.Dragdrop" name="drag" time="47.586"/>
</testsuite> <!-- Newone.Dragdrop -->
